<?xml version="1.0" encoding="UTF-8"?>
<!-- Generated by org.testng.reporters.JUnitXMLReporter -->
<testsuite hostname="F7P7CW1-LAP" failures="0" tests="3" name="Test" time="110.834" errors="0" timestamp="30 Apr 2020 16:11:50 GMT">
  <testcase classname="com.comparethemarket.testscripts.TC_001_ElectricityTest" name="TC_001_ElectricityTestMethod" time="34.573"/>
  <testcase classname="com.comparethemarket.testscripts.TC_002_GasTest" name="TC_001_GasTestMethod" time="25.705"/>
  <testcase classname="com.comparethemarket.testscripts.TC_003_GasAndElectricityTest" name="TC_003_GasAndElectricityTestMethod" time="28.074"/>
</testsuite> <!-- Test -->
