<?xml version="1.0" encoding="UTF-8"?>
<testng-results total="3" passed="3" failed="0" skipped="0">
  <reporter-output>
  </reporter-output>
  <suite started-at="2020-04-30T16:04:06Z" name="Suite" finished-at="2020-04-30T16:05:54Z" duration-ms="108497">
    <groups>
    </groups>
    <test started-at="2020-04-30T16:04:06Z" name="Test" finished-at="2020-04-30T16:05:54Z" duration-ms="108497">
      <class name="com.comparethemarket.testscripts.TC_001_ElectricityTest">
        <test-method is-config="true" signature="setUp()[pri:0, instance:com.comparethemarket.testscripts.TC_001_ElectricityTest@6404f418]" started-at="2020-04-30T17:04:06Z" name="setUp" finished-at="2020-04-30T17:04:13Z" duration-ms="6881" status="PASS">
          <reporter-output>
          </reporter-output>
        </test-method> <!-- setUp -->
        <test-method signature="TC_001_ElectricityTestMethod()[pri:0, instance:com.comparethemarket.testscripts.TC_001_ElectricityTest@6404f418]" started-at="2020-04-30T17:04:13Z" name="TC_001_ElectricityTestMethod" finished-at="2020-04-30T17:04:39Z" duration-ms="26587" status="PASS">
          <reporter-output>
          </reporter-output>
        </test-method> <!-- TC_001_ElectricityTestMethod -->
        <test-method is-config="true" signature="tearDowm()[pri:0, instance:com.comparethemarket.testscripts.TC_001_ElectricityTest@6404f418]" started-at="2020-04-30T17:04:39Z" name="tearDowm" finished-at="2020-04-30T17:04:40Z" duration-ms="910" status="PASS">
          <reporter-output>
          </reporter-output>
        </test-method> <!-- tearDowm -->
      </class> <!-- com.comparethemarket.testscripts.TC_001_ElectricityTest -->
      <class name="com.comparethemarket.testscripts.TC_002_GasTest">
        <test-method is-config="true" signature="setUp()[pri:0, instance:com.comparethemarket.testscripts.TC_002_GasTest@71a8adcf]" started-at="2020-04-30T17:04:40Z" name="setUp" finished-at="2020-04-30T17:04:46Z" duration-ms="5634" status="PASS">
          <reporter-output>
          </reporter-output>
        </test-method> <!-- setUp -->
        <test-method signature="TC_001_GasTestMethod()[pri:0, instance:com.comparethemarket.testscripts.TC_002_GasTest@71a8adcf]" started-at="2020-04-30T17:04:46Z" name="TC_001_GasTestMethod" finished-at="2020-04-30T17:05:11Z" duration-ms="25784" status="PASS">
          <reporter-output>
          </reporter-output>
        </test-method> <!-- TC_001_GasTestMethod -->
        <test-method is-config="true" signature="tearDowm()[pri:0, instance:com.comparethemarket.testscripts.TC_002_GasTest@71a8adcf]" started-at="2020-04-30T17:05:11Z" name="tearDowm" finished-at="2020-04-30T17:05:13Z" duration-ms="1046" status="PASS">
          <reporter-output>
          </reporter-output>
        </test-method> <!-- tearDowm -->
      </class> <!-- com.comparethemarket.testscripts.TC_002_GasTest -->
      <class name="com.comparethemarket.testscripts.TC_003_GasAndElectricityTest">
        <test-method is-config="true" signature="setUp()[pri:0, instance:com.comparethemarket.testscripts.TC_003_GasAndElectricityTest@27462a88]" started-at="2020-04-30T17:05:13Z" name="setUp" finished-at="2020-04-30T17:05:25Z" duration-ms="12907" status="PASS">
          <reporter-output>
          </reporter-output>
        </test-method> <!-- setUp -->
        <test-method signature="TC_003_GasAndElectricityTestMethod()[pri:0, instance:com.comparethemarket.testscripts.TC_003_GasAndElectricityTest@27462a88]" started-at="2020-04-30T17:05:25Z" name="TC_003_GasAndElectricityTestMethod" finished-at="2020-04-30T17:05:53Z" duration-ms="27771" status="PASS">
          <reporter-output>
          </reporter-output>
        </test-method> <!-- TC_003_GasAndElectricityTestMethod -->
        <test-method is-config="true" signature="tearDowm()[pri:0, instance:com.comparethemarket.testscripts.TC_003_GasAndElectricityTest@27462a88]" started-at="2020-04-30T17:05:53Z" name="tearDowm" finished-at="2020-04-30T17:05:54Z" duration-ms="940" status="PASS">
          <reporter-output>
          </reporter-output>
        </test-method> <!-- tearDowm -->
      </class> <!-- com.comparethemarket.testscripts.TC_003_GasAndElectricityTest -->
    </test> <!-- Test -->
  </suite> <!-- Suite -->
</testng-results>
