<?xml version="1.0" encoding="UTF-8"?>
<testng-results total="3" passed="3" failed="0" skipped="0">
  <reporter-output>
  </reporter-output>
  <suite started-at="2020-04-30T16:09:59Z" name="Suite" finished-at="2020-04-30T16:11:50Z" duration-ms="110834">
    <groups>
    </groups>
    <test started-at="2020-04-30T16:09:59Z" name="Test" finished-at="2020-04-30T16:11:50Z" duration-ms="110834">
      <class name="com.comparethemarket.testscripts.TC_001_ElectricityTest">
        <test-method is-config="true" signature="setUp()[pri:0, instance:com.comparethemarket.testscripts.TC_001_ElectricityTest@45ca843]" started-at="2020-04-30T17:09:59Z" name="setUp" finished-at="2020-04-30T17:10:06Z" duration-ms="7245" status="PASS">
          <reporter-output>
          </reporter-output>
        </test-method> <!-- setUp -->
        <test-method signature="TC_001_ElectricityTestMethod()[pri:0, instance:com.comparethemarket.testscripts.TC_001_ElectricityTest@45ca843]" started-at="2020-04-30T17:10:06Z" name="TC_001_ElectricityTestMethod" finished-at="2020-04-30T17:10:41Z" duration-ms="34573" status="PASS">
          <reporter-output>
          </reporter-output>
        </test-method> <!-- TC_001_ElectricityTestMethod -->
        <test-method is-config="true" signature="tearDowm()[pri:0, instance:com.comparethemarket.testscripts.TC_001_ElectricityTest@45ca843]" started-at="2020-04-30T17:10:41Z" name="tearDowm" finished-at="2020-04-30T17:10:42Z" duration-ms="917" status="PASS">
          <reporter-output>
          </reporter-output>
        </test-method> <!-- tearDowm -->
      </class> <!-- com.comparethemarket.testscripts.TC_001_ElectricityTest -->
      <class name="com.comparethemarket.testscripts.TC_002_GasTest">
        <test-method is-config="true" signature="setUp()[pri:0, instance:com.comparethemarket.testscripts.TC_002_GasTest@55f616cf]" started-at="2020-04-30T17:10:42Z" name="setUp" finished-at="2020-04-30T17:10:48Z" duration-ms="6164" status="PASS">
          <reporter-output>
          </reporter-output>
        </test-method> <!-- setUp -->
        <test-method signature="TC_001_GasTestMethod()[pri:0, instance:com.comparethemarket.testscripts.TC_002_GasTest@55f616cf]" started-at="2020-04-30T17:10:48Z" name="TC_001_GasTestMethod" finished-at="2020-04-30T17:11:14Z" duration-ms="25705" status="PASS">
          <reporter-output>
          </reporter-output>
        </test-method> <!-- TC_001_GasTestMethod -->
        <test-method is-config="true" signature="tearDowm()[pri:0, instance:com.comparethemarket.testscripts.TC_002_GasTest@55f616cf]" started-at="2020-04-30T17:11:14Z" name="tearDowm" finished-at="2020-04-30T17:11:14Z" duration-ms="885" status="PASS">
          <reporter-output>
          </reporter-output>
        </test-method> <!-- tearDowm -->
      </class> <!-- com.comparethemarket.testscripts.TC_002_GasTest -->
      <class name="com.comparethemarket.testscripts.TC_003_GasAndElectricityTest">
        <test-method is-config="true" signature="setUp()[pri:0, instance:com.comparethemarket.testscripts.TC_003_GasAndElectricityTest@1356d4d4]" started-at="2020-04-30T17:11:14Z" name="setUp" finished-at="2020-04-30T17:11:21Z" duration-ms="6412" status="PASS">
          <reporter-output>
          </reporter-output>
        </test-method> <!-- setUp -->
        <test-method signature="TC_003_GasAndElectricityTestMethod()[pri:0, instance:com.comparethemarket.testscripts.TC_003_GasAndElectricityTest@1356d4d4]" started-at="2020-04-30T17:11:21Z" name="TC_003_GasAndElectricityTestMethod" finished-at="2020-04-30T17:11:49Z" duration-ms="28074" status="PASS">
          <reporter-output>
          </reporter-output>
        </test-method> <!-- TC_003_GasAndElectricityTestMethod -->
        <test-method is-config="true" signature="tearDowm()[pri:0, instance:com.comparethemarket.testscripts.TC_003_GasAndElectricityTest@1356d4d4]" started-at="2020-04-30T17:11:49Z" name="tearDowm" finished-at="2020-04-30T17:11:50Z" duration-ms="848" status="PASS">
          <reporter-output>
          </reporter-output>
        </test-method> <!-- tearDowm -->
      </class> <!-- com.comparethemarket.testscripts.TC_003_GasAndElectricityTest -->
    </test> <!-- Test -->
  </suite> <!-- Suite -->
</testng-results>
